10: 11 31 36 
4: 19 35 52 
20: 20 28 57 
21: 25 50 68 
1: 27 44 71 
16: 20 28 72 
19: 21 54 72 
9: 24 74 75 
12: 31 39 75 
17: 11 30 78 
6: 43 67 79 
22: 45 58 80 
8: 17 37 87 
18: 36 50 87 
13: 20 87 88 
14: 14 70 89 
11: 80 84 89 
2: 37 79 91 
7: 13 29 93 
15: 25 30 93 
3: 10 74 96 
5: 40 85 98 

10 4 
10 4 
10 4 21 
10 4 21 
10 4 21 
10 4 21 
10 4 21 
10 4 21 
10 4 21 
10 4 21 6 
10 4 21 6 
10 4 21 6 
10 4 21 6 
10 4 21 6 
10 4 21 6 
10 4 21 6 11 
10 4 21 6 11 
10 4 21 6 11 
10 4 21 6 11 
10 4 21 6 11 
10 4 21 6 11 
5
10 4 21 6 11 
